<?xml version="1.0" encoding="UTF-8"?>
<testng-results skipped="0" failed="0" total="1" passed="1">
  <reporter-output>
  </reporter-output>
  <suite name="Suite" duration-ms="18069" started-at="2019-08-19T04:23:01Z" finished-at="2019-08-19T04:23:19Z">
    <groups>
    </groups>
    <test name="Test" duration-ms="18069" started-at="2019-08-19T04:23:01Z" finished-at="2019-08-19T04:23:19Z">
      <class name="com.hrm.tests.HRMEX">
        <test-method status="PASS" signature="loginhrm()[pri:0, instance:com.hrm.tests.HRMEX@326de728]" name="loginhrm" duration-ms="18051" started-at="2019-08-19T09:53:01Z" finished-at="2019-08-19T09:53:19Z">
          <reporter-output>
          </reporter-output>
        </test-method> <!-- loginhrm -->
      </class> <!-- com.hrm.tests.HRMEX -->
    </test> <!-- Test -->
  </suite> <!-- Suite -->
</testng-results>
